<?xml version="1.0" encoding="UTF-8"?>
<testng-results ignored="0" total="1" passed="1" failed="0" skipped="0">
  <reporter-output>
  </reporter-output>
  <suite started-at="2022-01-28T11:22:30 EET" name="Default suite" finished-at="2022-01-28T11:22:31 EET" duration-ms="918">
    <groups>
    </groups>
    <test started-at="2022-01-28T11:22:30 EET" name="Default test" finished-at="2022-01-28T11:22:31 EET" duration-ms="918">
      <class name="exceltests.Testclass4">
        <test-method signature="integrationTest()[pri:0, instance:exceltests.Testclass4@4c9f8c13]" started-at="2022-01-28T11:22:30 EET" name="integrationTest" finished-at="2022-01-28T11:22:31 EET" duration-ms="877" status="PASS">
          <reporter-output>
          </reporter-output>
        </test-method> <!-- integrationTest -->
      </class> <!-- exceltests.Testclass4 -->
    </test> <!-- Default test -->
  </suite> <!-- Default suite -->
</testng-results>
